2021-08-25 14:33:43.013 12796: http server started listening on [:8199] 

  SERVER  | DOMAIN  | ADDRESS | METHOD |          ROUTE           |                      HANDLER                      |                                MIDDLEWARE                                 
----------|---------|---------|--------|--------------------------|---------------------------------------------------|---------------------------------------------------------------------------
  default | default | :8199   | ALL    | /user/getUserFromSession | my-hello/app/api.(*userApi).GetUserFromSession-fm | service.(*middlewareService).Ctx-fm,service.(*middlewareService).Auth-fm  
----------|---------|---------|--------|--------------------------|---------------------------------------------------|---------------------------------------------------------------------------
  default | default | :8199   | ALL    | /user/getuserfromdb      | my-hello/app/api.(*userApi).GetUserFromDb         | service.(*middlewareService).Ctx-fm                                       
----------|---------|---------|--------|--------------------------|---------------------------------------------------|---------------------------------------------------------------------------
  default | default | :8199   | ALL    | /user/getuserfromsession | my-hello/app/api.(*userApi).GetUserFromSession    | service.(*middlewareService).Ctx-fm                                       
----------|---------|---------|--------|--------------------------|---------------------------------------------------|---------------------------------------------------------------------------
  default | default | :8199   | ALL    | /user/highredisget       | my-hello/app/api.(*userApi).HighRedisGet          | service.(*middlewareService).Ctx-fm                                       
----------|---------|---------|--------|--------------------------|---------------------------------------------------|---------------------------------------------------------------------------
  default | default | :8199   | ALL    | /user/highredisset       | my-hello/app/api.(*userApi).HighRedisSet          | service.(*middlewareService).Ctx-fm                                       
----------|---------|---------|--------|--------------------------|---------------------------------------------------|---------------------------------------------------------------------------
  default | default | :8199   | ALL    | /user/list               | my-hello/app/api.(*userApi).List                  | service.(*middlewareService).Ctx-fm                                       
----------|---------|---------|--------|--------------------------|---------------------------------------------------|---------------------------------------------------------------------------
  default | default | :8199   | ALL    | /user/login              | my-hello/app/api.(*userApi).Login                 | service.(*middlewareService).Ctx-fm                                       
----------|---------|---------|--------|--------------------------|---------------------------------------------------|---------------------------------------------------------------------------
  default | default | :8199   | ALL    | /user/pagelist           | my-hello/app/api.(*userApi).PageList              | service.(*middlewareService).Ctx-fm                                       
----------|---------|---------|--------|--------------------------|---------------------------------------------------|---------------------------------------------------------------------------
  default | default | :8199   | ALL    | /user/redisget           | my-hello/app/api.(*userApi).RedisGet              | service.(*middlewareService).Ctx-fm                                       
----------|---------|---------|--------|--------------------------|---------------------------------------------------|---------------------------------------------------------------------------
  default | default | :8199   | ALL    | /user/redisset           | my-hello/app/api.(*userApi).RedisSet              | service.(*middlewareService).Ctx-fm                                       
----------|---------|---------|--------|--------------------------|---------------------------------------------------|---------------------------------------------------------------------------
  default | default | :8199   | ALL    | /user/register           | my-hello/app/api.(*userApi).Register              | service.(*middlewareService).Ctx-fm                                       
----------|---------|---------|--------|--------------------------|---------------------------------------------------|---------------------------------------------------------------------------
 
2021-08-25 14:52:00.614 12888: http server started listening on [:8199] 

  SERVER  | DOMAIN  | ADDRESS | METHOD |          ROUTE           |                      HANDLER                      |                                MIDDLEWARE                                 
----------|---------|---------|--------|--------------------------|---------------------------------------------------|---------------------------------------------------------------------------
  default | default | :8199   | ALL    | /user/getUserFromSession | my-hello/app/api.(*userApi).GetUserFromSession-fm | service.(*middlewareService).Ctx-fm,service.(*middlewareService).Auth-fm  
----------|---------|---------|--------|--------------------------|---------------------------------------------------|---------------------------------------------------------------------------
  default | default | :8199   | ALL    | /user/getuserfromdb      | my-hello/app/api.(*userApi).GetUserFromDb         | service.(*middlewareService).Ctx-fm                                       
----------|---------|---------|--------|--------------------------|---------------------------------------------------|---------------------------------------------------------------------------
  default | default | :8199   | ALL    | /user/getuserfromsession | my-hello/app/api.(*userApi).GetUserFromSession    | service.(*middlewareService).Ctx-fm                                       
----------|---------|---------|--------|--------------------------|---------------------------------------------------|---------------------------------------------------------------------------
  default | default | :8199   | ALL    | /user/highredisget       | my-hello/app/api.(*userApi).HighRedisGet          | service.(*middlewareService).Ctx-fm                                       
----------|---------|---------|--------|--------------------------|---------------------------------------------------|---------------------------------------------------------------------------
  default | default | :8199   | ALL    | /user/highredisset       | my-hello/app/api.(*userApi).HighRedisSet          | service.(*middlewareService).Ctx-fm                                       
----------|---------|---------|--------|--------------------------|---------------------------------------------------|---------------------------------------------------------------------------
  default | default | :8199   | ALL    | /user/list               | my-hello/app/api.(*userApi).List                  | service.(*middlewareService).Ctx-fm                                       
----------|---------|---------|--------|--------------------------|---------------------------------------------------|---------------------------------------------------------------------------
  default | default | :8199   | ALL    | /user/login              | my-hello/app/api.(*userApi).Login                 | service.(*middlewareService).Ctx-fm                                       
----------|---------|---------|--------|--------------------------|---------------------------------------------------|---------------------------------------------------------------------------
  default | default | :8199   | ALL    | /user/pagelist           | my-hello/app/api.(*userApi).PageList              | service.(*middlewareService).Ctx-fm                                       
----------|---------|---------|--------|--------------------------|---------------------------------------------------|---------------------------------------------------------------------------
  default | default | :8199   | ALL    | /user/redisget           | my-hello/app/api.(*userApi).RedisGet              | service.(*middlewareService).Ctx-fm                                       
----------|---------|---------|--------|--------------------------|---------------------------------------------------|---------------------------------------------------------------------------
  default | default | :8199   | ALL    | /user/redisset           | my-hello/app/api.(*userApi).RedisSet              | service.(*middlewareService).Ctx-fm                                       
----------|---------|---------|--------|--------------------------|---------------------------------------------------|---------------------------------------------------------------------------
  default | default | :8199   | ALL    | /user/register           | my-hello/app/api.(*userApi).Register              | service.(*middlewareService).Ctx-fm                                       
----------|---------|---------|--------|--------------------------|---------------------------------------------------|---------------------------------------------------------------------------
 
2021-08-25 14:53:00.930 12925: http server started listening on [:8199] 

  SERVER  | DOMAIN  | ADDRESS | METHOD |          ROUTE           |                      HANDLER                      |                                MIDDLEWARE                                 
----------|---------|---------|--------|--------------------------|---------------------------------------------------|---------------------------------------------------------------------------
  default | default | :8199   | ALL    | /user/getUserFromSession | my-hello/app/api.(*userApi).GetUserFromSession-fm | service.(*middlewareService).Ctx-fm,service.(*middlewareService).Auth-fm  
----------|---------|---------|--------|--------------------------|---------------------------------------------------|---------------------------------------------------------------------------
  default | default | :8199   | ALL    | /user/getuserfromdb      | my-hello/app/api.(*userApi).GetUserFromDb         | service.(*middlewareService).Ctx-fm                                       
----------|---------|---------|--------|--------------------------|---------------------------------------------------|---------------------------------------------------------------------------
  default | default | :8199   | ALL    | /user/getuserfromsession | my-hello/app/api.(*userApi).GetUserFromSession    | service.(*middlewareService).Ctx-fm                                       
----------|---------|---------|--------|--------------------------|---------------------------------------------------|---------------------------------------------------------------------------
  default | default | :8199   | ALL    | /user/highredisget       | my-hello/app/api.(*userApi).HighRedisGet          | service.(*middlewareService).Ctx-fm                                       
----------|---------|---------|--------|--------------------------|---------------------------------------------------|---------------------------------------------------------------------------
  default | default | :8199   | ALL    | /user/highredisset       | my-hello/app/api.(*userApi).HighRedisSet          | service.(*middlewareService).Ctx-fm                                       
----------|---------|---------|--------|--------------------------|---------------------------------------------------|---------------------------------------------------------------------------
  default | default | :8199   | ALL    | /user/list               | my-hello/app/api.(*userApi).List                  | service.(*middlewareService).Ctx-fm                                       
----------|---------|---------|--------|--------------------------|---------------------------------------------------|---------------------------------------------------------------------------
  default | default | :8199   | ALL    | /user/login              | my-hello/app/api.(*userApi).Login                 | service.(*middlewareService).Ctx-fm                                       
----------|---------|---------|--------|--------------------------|---------------------------------------------------|---------------------------------------------------------------------------
  default | default | :8199   | ALL    | /user/pagelist           | my-hello/app/api.(*userApi).PageList              | service.(*middlewareService).Ctx-fm                                       
----------|---------|---------|--------|--------------------------|---------------------------------------------------|---------------------------------------------------------------------------
  default | default | :8199   | ALL    | /user/redisget           | my-hello/app/api.(*userApi).RedisGet              | service.(*middlewareService).Ctx-fm                                       
----------|---------|---------|--------|--------------------------|---------------------------------------------------|---------------------------------------------------------------------------
  default | default | :8199   | ALL    | /user/redisset           | my-hello/app/api.(*userApi).RedisSet              | service.(*middlewareService).Ctx-fm                                       
----------|---------|---------|--------|--------------------------|---------------------------------------------------|---------------------------------------------------------------------------
  default | default | :8199   | ALL    | /user/register           | my-hello/app/api.(*userApi).Register              | service.(*middlewareService).Ctx-fm                                       
----------|---------|---------|--------|--------------------------|---------------------------------------------------|---------------------------------------------------------------------------
 
2021-08-25 14:53:49.463 12956: http server started listening on [:8199] 

  SERVER  | DOMAIN  | ADDRESS | METHOD |          ROUTE           |                      HANDLER                      |                                MIDDLEWARE                                 
----------|---------|---------|--------|--------------------------|---------------------------------------------------|---------------------------------------------------------------------------
  default | default | :8199   | ALL    | /user/getUserFromSession | my-hello/app/api.(*userApi).GetUserFromSession-fm | service.(*middlewareService).Ctx-fm,service.(*middlewareService).Auth-fm  
----------|---------|---------|--------|--------------------------|---------------------------------------------------|---------------------------------------------------------------------------
  default | default | :8199   | ALL    | /user/getuserfromdb      | my-hello/app/api.(*userApi).GetUserFromDb         | service.(*middlewareService).Ctx-fm                                       
----------|---------|---------|--------|--------------------------|---------------------------------------------------|---------------------------------------------------------------------------
  default | default | :8199   | ALL    | /user/getuserfromsession | my-hello/app/api.(*userApi).GetUserFromSession    | service.(*middlewareService).Ctx-fm                                       
----------|---------|---------|--------|--------------------------|---------------------------------------------------|---------------------------------------------------------------------------
  default | default | :8199   | ALL    | /user/highredisget       | my-hello/app/api.(*userApi).HighRedisGet          | service.(*middlewareService).Ctx-fm                                       
----------|---------|---------|--------|--------------------------|---------------------------------------------------|---------------------------------------------------------------------------
  default | default | :8199   | ALL    | /user/highredisset       | my-hello/app/api.(*userApi).HighRedisSet          | service.(*middlewareService).Ctx-fm                                       
----------|---------|---------|--------|--------------------------|---------------------------------------------------|---------------------------------------------------------------------------
  default | default | :8199   | ALL    | /user/list               | my-hello/app/api.(*userApi).List                  | service.(*middlewareService).Ctx-fm                                       
----------|---------|---------|--------|--------------------------|---------------------------------------------------|---------------------------------------------------------------------------
  default | default | :8199   | ALL    | /user/login              | my-hello/app/api.(*userApi).Login                 | service.(*middlewareService).Ctx-fm                                       
----------|---------|---------|--------|--------------------------|---------------------------------------------------|---------------------------------------------------------------------------
  default | default | :8199   | ALL    | /user/pagelist           | my-hello/app/api.(*userApi).PageList              | service.(*middlewareService).Ctx-fm                                       
----------|---------|---------|--------|--------------------------|---------------------------------------------------|---------------------------------------------------------------------------
  default | default | :8199   | ALL    | /user/redisget           | my-hello/app/api.(*userApi).RedisGet              | service.(*middlewareService).Ctx-fm                                       
----------|---------|---------|--------|--------------------------|---------------------------------------------------|---------------------------------------------------------------------------
  default | default | :8199   | ALL    | /user/redisset           | my-hello/app/api.(*userApi).RedisSet              | service.(*middlewareService).Ctx-fm                                       
----------|---------|---------|--------|--------------------------|---------------------------------------------------|---------------------------------------------------------------------------
  default | default | :8199   | ALL    | /user/register           | my-hello/app/api.(*userApi).Register              | service.(*middlewareService).Ctx-fm                                       
----------|---------|---------|--------|--------------------------|---------------------------------------------------|---------------------------------------------------------------------------
 
2021-08-25 15:32:43.850 13214: http server started listening on [:8199] 

  SERVER  | DOMAIN  | ADDRESS | METHOD |          ROUTE           |                      HANDLER                      |                                MIDDLEWARE                                 
----------|---------|---------|--------|--------------------------|---------------------------------------------------|---------------------------------------------------------------------------
  default | default | :8199   | ALL    | /user/getUserFromSession | my-hello/app/api.(*userApi).GetUserFromSession-fm | service.(*middlewareService).Ctx-fm,service.(*middlewareService).Auth-fm  
----------|---------|---------|--------|--------------------------|---------------------------------------------------|---------------------------------------------------------------------------
  default | default | :8199   | ALL    | /user/getuserfromdb      | my-hello/app/api.(*userApi).GetUserFromDb         | service.(*middlewareService).Ctx-fm                                       
----------|---------|---------|--------|--------------------------|---------------------------------------------------|---------------------------------------------------------------------------
  default | default | :8199   | ALL    | /user/getuserfromsession | my-hello/app/api.(*userApi).GetUserFromSession    | service.(*middlewareService).Ctx-fm                                       
----------|---------|---------|--------|--------------------------|---------------------------------------------------|---------------------------------------------------------------------------
  default | default | :8199   | ALL    | /user/highredisget       | my-hello/app/api.(*userApi).HighRedisGet          | service.(*middlewareService).Ctx-fm                                       
----------|---------|---------|--------|--------------------------|---------------------------------------------------|---------------------------------------------------------------------------
  default | default | :8199   | ALL    | /user/highredisset       | my-hello/app/api.(*userApi).HighRedisSet          | service.(*middlewareService).Ctx-fm                                       
----------|---------|---------|--------|--------------------------|---------------------------------------------------|---------------------------------------------------------------------------
  default | default | :8199   | ALL    | /user/list               | my-hello/app/api.(*userApi).List                  | service.(*middlewareService).Ctx-fm                                       
----------|---------|---------|--------|--------------------------|---------------------------------------------------|---------------------------------------------------------------------------
  default | default | :8199   | ALL    | /user/login              | my-hello/app/api.(*userApi).Login                 | service.(*middlewareService).Ctx-fm                                       
----------|---------|---------|--------|--------------------------|---------------------------------------------------|---------------------------------------------------------------------------
  default | default | :8199   | ALL    | /user/pagelist           | my-hello/app/api.(*userApi).PageList              | service.(*middlewareService).Ctx-fm                                       
----------|---------|---------|--------|--------------------------|---------------------------------------------------|---------------------------------------------------------------------------
  default | default | :8199   | ALL    | /user/redisget           | my-hello/app/api.(*userApi).RedisGet              | service.(*middlewareService).Ctx-fm                                       
----------|---------|---------|--------|--------------------------|---------------------------------------------------|---------------------------------------------------------------------------
  default | default | :8199   | ALL    | /user/redishget          | my-hello/app/api.(*userApi).RedisHGet             | service.(*middlewareService).Ctx-fm                                       
----------|---------|---------|--------|--------------------------|---------------------------------------------------|---------------------------------------------------------------------------
  default | default | :8199   | ALL    | /user/redishmget         | my-hello/app/api.(*userApi).RedisHMGet            | service.(*middlewareService).Ctx-fm                                       
----------|---------|---------|--------|--------------------------|---------------------------------------------------|---------------------------------------------------------------------------
  default | default | :8199   | ALL    | /user/redishmset         | my-hello/app/api.(*userApi).RedisHMSet            | service.(*middlewareService).Ctx-fm                                       
----------|---------|---------|--------|--------------------------|---------------------------------------------------|---------------------------------------------------------------------------
  default | default | :8199   | ALL    | /user/redishset          | my-hello/app/api.(*userApi).RedisHSet             | service.(*middlewareService).Ctx-fm                                       
----------|---------|---------|--------|--------------------------|---------------------------------------------------|---------------------------------------------------------------------------
  default | default | :8199   | ALL    | /user/redisset           | my-hello/app/api.(*userApi).RedisSet              | service.(*middlewareService).Ctx-fm                                       
----------|---------|---------|--------|--------------------------|---------------------------------------------------|---------------------------------------------------------------------------
  default | default | :8199   | ALL    | /user/register           | my-hello/app/api.(*userApi).Register              | service.(*middlewareService).Ctx-fm                                       
----------|---------|---------|--------|--------------------------|---------------------------------------------------|---------------------------------------------------------------------------
 
2021-08-25 15:39:02.215 13261: http server started listening on [:8199] 

  SERVER  | DOMAIN  | ADDRESS | METHOD |          ROUTE           |                      HANDLER                      |                                MIDDLEWARE                                 
----------|---------|---------|--------|--------------------------|---------------------------------------------------|---------------------------------------------------------------------------
  default | default | :8199   | ALL    | /user/getUserFromSession | my-hello/app/api.(*userApi).GetUserFromSession-fm | service.(*middlewareService).Ctx-fm,service.(*middlewareService).Auth-fm  
----------|---------|---------|--------|--------------------------|---------------------------------------------------|---------------------------------------------------------------------------
  default | default | :8199   | ALL    | /user/getuserfromdb      | my-hello/app/api.(*userApi).GetUserFromDb         | service.(*middlewareService).Ctx-fm                                       
----------|---------|---------|--------|--------------------------|---------------------------------------------------|---------------------------------------------------------------------------
  default | default | :8199   | ALL    | /user/getuserfromsession | my-hello/app/api.(*userApi).GetUserFromSession    | service.(*middlewareService).Ctx-fm                                       
----------|---------|---------|--------|--------------------------|---------------------------------------------------|---------------------------------------------------------------------------
  default | default | :8199   | ALL    | /user/highredisget       | my-hello/app/api.(*userApi).HighRedisGet          | service.(*middlewareService).Ctx-fm                                       
----------|---------|---------|--------|--------------------------|---------------------------------------------------|---------------------------------------------------------------------------
  default | default | :8199   | ALL    | /user/highredisset       | my-hello/app/api.(*userApi).HighRedisSet          | service.(*middlewareService).Ctx-fm                                       
----------|---------|---------|--------|--------------------------|---------------------------------------------------|---------------------------------------------------------------------------
  default | default | :8199   | ALL    | /user/list               | my-hello/app/api.(*userApi).List                  | service.(*middlewareService).Ctx-fm                                       
----------|---------|---------|--------|--------------------------|---------------------------------------------------|---------------------------------------------------------------------------
  default | default | :8199   | ALL    | /user/login              | my-hello/app/api.(*userApi).Login                 | service.(*middlewareService).Ctx-fm                                       
----------|---------|---------|--------|--------------------------|---------------------------------------------------|---------------------------------------------------------------------------
  default | default | :8199   | ALL    | /user/pagelist           | my-hello/app/api.(*userApi).PageList              | service.(*middlewareService).Ctx-fm                                       
----------|---------|---------|--------|--------------------------|---------------------------------------------------|---------------------------------------------------------------------------
  default | default | :8199   | ALL    | /user/redisget           | my-hello/app/api.(*userApi).RedisGet              | service.(*middlewareService).Ctx-fm                                       
----------|---------|---------|--------|--------------------------|---------------------------------------------------|---------------------------------------------------------------------------
  default | default | :8199   | ALL    | /user/redishget          | my-hello/app/api.(*userApi).RedisHGet             | service.(*middlewareService).Ctx-fm                                       
----------|---------|---------|--------|--------------------------|---------------------------------------------------|---------------------------------------------------------------------------
  default | default | :8199   | ALL    | /user/redishmget         | my-hello/app/api.(*userApi).RedisHMGet            | service.(*middlewareService).Ctx-fm                                       
----------|---------|---------|--------|--------------------------|---------------------------------------------------|---------------------------------------------------------------------------
  default | default | :8199   | ALL    | /user/redishmset         | my-hello/app/api.(*userApi).RedisHMSet            | service.(*middlewareService).Ctx-fm                                       
----------|---------|---------|--------|--------------------------|---------------------------------------------------|---------------------------------------------------------------------------
  default | default | :8199   | ALL    | /user/redishset          | my-hello/app/api.(*userApi).RedisHSet             | service.(*middlewareService).Ctx-fm                                       
----------|---------|---------|--------|--------------------------|---------------------------------------------------|---------------------------------------------------------------------------
  default | default | :8199   | ALL    | /user/redisset           | my-hello/app/api.(*userApi).RedisSet              | service.(*middlewareService).Ctx-fm                                       
----------|---------|---------|--------|--------------------------|---------------------------------------------------|---------------------------------------------------------------------------
  default | default | :8199   | ALL    | /user/register           | my-hello/app/api.(*userApi).Register              | service.(*middlewareService).Ctx-fm                                       
----------|---------|---------|--------|--------------------------|---------------------------------------------------|---------------------------------------------------------------------------
 
2021-08-25 15:39:26.156 13293: http server started listening on [:8199] 

  SERVER  | DOMAIN  | ADDRESS | METHOD |          ROUTE           |                      HANDLER                      |                                MIDDLEWARE                                 
----------|---------|---------|--------|--------------------------|---------------------------------------------------|---------------------------------------------------------------------------
  default | default | :8199   | ALL    | /user/getUserFromSession | my-hello/app/api.(*userApi).GetUserFromSession-fm | service.(*middlewareService).Ctx-fm,service.(*middlewareService).Auth-fm  
----------|---------|---------|--------|--------------------------|---------------------------------------------------|---------------------------------------------------------------------------
  default | default | :8199   | ALL    | /user/getuserfromdb      | my-hello/app/api.(*userApi).GetUserFromDb         | service.(*middlewareService).Ctx-fm                                       
----------|---------|---------|--------|--------------------------|---------------------------------------------------|---------------------------------------------------------------------------
  default | default | :8199   | ALL    | /user/getuserfromsession | my-hello/app/api.(*userApi).GetUserFromSession    | service.(*middlewareService).Ctx-fm                                       
----------|---------|---------|--------|--------------------------|---------------------------------------------------|---------------------------------------------------------------------------
  default | default | :8199   | ALL    | /user/highredisget       | my-hello/app/api.(*userApi).HighRedisGet          | service.(*middlewareService).Ctx-fm                                       
----------|---------|---------|--------|--------------------------|---------------------------------------------------|---------------------------------------------------------------------------
  default | default | :8199   | ALL    | /user/highredisset       | my-hello/app/api.(*userApi).HighRedisSet          | service.(*middlewareService).Ctx-fm                                       
----------|---------|---------|--------|--------------------------|---------------------------------------------------|---------------------------------------------------------------------------
  default | default | :8199   | ALL    | /user/list               | my-hello/app/api.(*userApi).List                  | service.(*middlewareService).Ctx-fm                                       
----------|---------|---------|--------|--------------------------|---------------------------------------------------|---------------------------------------------------------------------------
  default | default | :8199   | ALL    | /user/login              | my-hello/app/api.(*userApi).Login                 | service.(*middlewareService).Ctx-fm                                       
----------|---------|---------|--------|--------------------------|---------------------------------------------------|---------------------------------------------------------------------------
  default | default | :8199   | ALL    | /user/pagelist           | my-hello/app/api.(*userApi).PageList              | service.(*middlewareService).Ctx-fm                                       
----------|---------|---------|--------|--------------------------|---------------------------------------------------|---------------------------------------------------------------------------
  default | default | :8199   | ALL    | /user/redisget           | my-hello/app/api.(*userApi).RedisGet              | service.(*middlewareService).Ctx-fm                                       
----------|---------|---------|--------|--------------------------|---------------------------------------------------|---------------------------------------------------------------------------
  default | default | :8199   | ALL    | /user/redishget          | my-hello/app/api.(*userApi).RedisHGet             | service.(*middlewareService).Ctx-fm                                       
----------|---------|---------|--------|--------------------------|---------------------------------------------------|---------------------------------------------------------------------------
  default | default | :8199   | ALL    | /user/redishmget         | my-hello/app/api.(*userApi).RedisHMGet            | service.(*middlewareService).Ctx-fm                                       
----------|---------|---------|--------|--------------------------|---------------------------------------------------|---------------------------------------------------------------------------
  default | default | :8199   | ALL    | /user/redishmset         | my-hello/app/api.(*userApi).RedisHMSet            | service.(*middlewareService).Ctx-fm                                       
----------|---------|---------|--------|--------------------------|---------------------------------------------------|---------------------------------------------------------------------------
  default | default | :8199   | ALL    | /user/redishset          | my-hello/app/api.(*userApi).RedisHSet             | service.(*middlewareService).Ctx-fm                                       
----------|---------|---------|--------|--------------------------|---------------------------------------------------|---------------------------------------------------------------------------
  default | default | :8199   | ALL    | /user/redisset           | my-hello/app/api.(*userApi).RedisSet              | service.(*middlewareService).Ctx-fm                                       
----------|---------|---------|--------|--------------------------|---------------------------------------------------|---------------------------------------------------------------------------
  default | default | :8199   | ALL    | /user/register           | my-hello/app/api.(*userApi).Register              | service.(*middlewareService).Ctx-fm                                       
----------|---------|---------|--------|--------------------------|---------------------------------------------------|---------------------------------------------------------------------------
 
2021-08-25 15:45:45.779 13347: http server started listening on [:8199] 

  SERVER  | DOMAIN  | ADDRESS | METHOD |          ROUTE           |                      HANDLER                      |                                MIDDLEWARE                                 
----------|---------|---------|--------|--------------------------|---------------------------------------------------|---------------------------------------------------------------------------
  default | default | :8199   | ALL    | /user/getUserFromSession | my-hello/app/api.(*userApi).GetUserFromSession-fm | service.(*middlewareService).Ctx-fm,service.(*middlewareService).Auth-fm  
----------|---------|---------|--------|--------------------------|---------------------------------------------------|---------------------------------------------------------------------------
  default | default | :8199   | ALL    | /user/getuserfromdb      | my-hello/app/api.(*userApi).GetUserFromDb         | service.(*middlewareService).Ctx-fm                                       
----------|---------|---------|--------|--------------------------|---------------------------------------------------|---------------------------------------------------------------------------
  default | default | :8199   | ALL    | /user/getuserfromsession | my-hello/app/api.(*userApi).GetUserFromSession    | service.(*middlewareService).Ctx-fm                                       
----------|---------|---------|--------|--------------------------|---------------------------------------------------|---------------------------------------------------------------------------
  default | default | :8199   | ALL    | /user/highredisget       | my-hello/app/api.(*userApi).HighRedisGet          | service.(*middlewareService).Ctx-fm                                       
----------|---------|---------|--------|--------------------------|---------------------------------------------------|---------------------------------------------------------------------------
  default | default | :8199   | ALL    | /user/highredisset       | my-hello/app/api.(*userApi).HighRedisSet          | service.(*middlewareService).Ctx-fm                                       
----------|---------|---------|--------|--------------------------|---------------------------------------------------|---------------------------------------------------------------------------
  default | default | :8199   | ALL    | /user/list               | my-hello/app/api.(*userApi).List                  | service.(*middlewareService).Ctx-fm                                       
----------|---------|---------|--------|--------------------------|---------------------------------------------------|---------------------------------------------------------------------------
  default | default | :8199   | ALL    | /user/login              | my-hello/app/api.(*userApi).Login                 | service.(*middlewareService).Ctx-fm                                       
----------|---------|---------|--------|--------------------------|---------------------------------------------------|---------------------------------------------------------------------------
  default | default | :8199   | ALL    | /user/pagelist           | my-hello/app/api.(*userApi).PageList              | service.(*middlewareService).Ctx-fm                                       
----------|---------|---------|--------|--------------------------|---------------------------------------------------|---------------------------------------------------------------------------
  default | default | :8199   | ALL    | /user/redisget           | my-hello/app/api.(*userApi).RedisGet              | service.(*middlewareService).Ctx-fm                                       
----------|---------|---------|--------|--------------------------|---------------------------------------------------|---------------------------------------------------------------------------
  default | default | :8199   | ALL    | /user/redishget          | my-hello/app/api.(*userApi).RedisHGet             | service.(*middlewareService).Ctx-fm                                       
----------|---------|---------|--------|--------------------------|---------------------------------------------------|---------------------------------------------------------------------------
  default | default | :8199   | ALL    | /user/redishmget         | my-hello/app/api.(*userApi).RedisHMGet            | service.(*middlewareService).Ctx-fm                                       
----------|---------|---------|--------|--------------------------|---------------------------------------------------|---------------------------------------------------------------------------
  default | default | :8199   | ALL    | /user/redishmset         | my-hello/app/api.(*userApi).RedisHMSet            | service.(*middlewareService).Ctx-fm                                       
----------|---------|---------|--------|--------------------------|---------------------------------------------------|---------------------------------------------------------------------------
  default | default | :8199   | ALL    | /user/redishset          | my-hello/app/api.(*userApi).RedisHSet             | service.(*middlewareService).Ctx-fm                                       
----------|---------|---------|--------|--------------------------|---------------------------------------------------|---------------------------------------------------------------------------
  default | default | :8199   | ALL    | /user/redisset           | my-hello/app/api.(*userApi).RedisSet              | service.(*middlewareService).Ctx-fm                                       
----------|---------|---------|--------|--------------------------|---------------------------------------------------|---------------------------------------------------------------------------
  default | default | :8199   | ALL    | /user/register           | my-hello/app/api.(*userApi).Register              | service.(*middlewareService).Ctx-fm                                       
----------|---------|---------|--------|--------------------------|---------------------------------------------------|---------------------------------------------------------------------------
 
2021-08-25 15:55:50.009 13428: http server started listening on [:8199] 

  SERVER  | DOMAIN  | ADDRESS | METHOD |          ROUTE           |                      HANDLER                      |                                MIDDLEWARE                                 
----------|---------|---------|--------|--------------------------|---------------------------------------------------|---------------------------------------------------------------------------
  default | default | :8199   | ALL    | /user/getUserFromSession | my-hello/app/api.(*userApi).GetUserFromSession-fm | service.(*middlewareService).Ctx-fm,service.(*middlewareService).Auth-fm  
----------|---------|---------|--------|--------------------------|---------------------------------------------------|---------------------------------------------------------------------------
  default | default | :8199   | ALL    | /user/getuserfromdb      | my-hello/app/api.(*userApi).GetUserFromDb         | service.(*middlewareService).Ctx-fm                                       
----------|---------|---------|--------|--------------------------|---------------------------------------------------|---------------------------------------------------------------------------
  default | default | :8199   | ALL    | /user/getuserfromsession | my-hello/app/api.(*userApi).GetUserFromSession    | service.(*middlewareService).Ctx-fm                                       
----------|---------|---------|--------|--------------------------|---------------------------------------------------|---------------------------------------------------------------------------
  default | default | :8199   | ALL    | /user/highredisget       | my-hello/app/api.(*userApi).HighRedisGet          | service.(*middlewareService).Ctx-fm                                       
----------|---------|---------|--------|--------------------------|---------------------------------------------------|---------------------------------------------------------------------------
  default | default | :8199   | ALL    | /user/highredisset       | my-hello/app/api.(*userApi).HighRedisSet          | service.(*middlewareService).Ctx-fm                                       
----------|---------|---------|--------|--------------------------|---------------------------------------------------|---------------------------------------------------------------------------
  default | default | :8199   | ALL    | /user/list               | my-hello/app/api.(*userApi).List                  | service.(*middlewareService).Ctx-fm                                       
----------|---------|---------|--------|--------------------------|---------------------------------------------------|---------------------------------------------------------------------------
  default | default | :8199   | ALL    | /user/login              | my-hello/app/api.(*userApi).Login                 | service.(*middlewareService).Ctx-fm                                       
----------|---------|---------|--------|--------------------------|---------------------------------------------------|---------------------------------------------------------------------------
  default | default | :8199   | ALL    | /user/pagelist           | my-hello/app/api.(*userApi).PageList              | service.(*middlewareService).Ctx-fm                                       
----------|---------|---------|--------|--------------------------|---------------------------------------------------|---------------------------------------------------------------------------
  default | default | :8199   | ALL    | /user/redisget           | my-hello/app/api.(*userApi).RedisGet              | service.(*middlewareService).Ctx-fm                                       
----------|---------|---------|--------|--------------------------|---------------------------------------------------|---------------------------------------------------------------------------
  default | default | :8199   | ALL    | /user/redishget          | my-hello/app/api.(*userApi).RedisHGet             | service.(*middlewareService).Ctx-fm                                       
----------|---------|---------|--------|--------------------------|---------------------------------------------------|---------------------------------------------------------------------------
  default | default | :8199   | ALL    | /user/redishmget         | my-hello/app/api.(*userApi).RedisHMGet            | service.(*middlewareService).Ctx-fm                                       
----------|---------|---------|--------|--------------------------|---------------------------------------------------|---------------------------------------------------------------------------
  default | default | :8199   | ALL    | /user/redishmset         | my-hello/app/api.(*userApi).RedisHMSet            | service.(*middlewareService).Ctx-fm                                       
----------|---------|---------|--------|--------------------------|---------------------------------------------------|---------------------------------------------------------------------------
  default | default | :8199   | ALL    | /user/redishset          | my-hello/app/api.(*userApi).RedisHSet             | service.(*middlewareService).Ctx-fm                                       
----------|---------|---------|--------|--------------------------|---------------------------------------------------|---------------------------------------------------------------------------
  default | default | :8199   | ALL    | /user/redisset           | my-hello/app/api.(*userApi).RedisSet              | service.(*middlewareService).Ctx-fm                                       
----------|---------|---------|--------|--------------------------|---------------------------------------------------|---------------------------------------------------------------------------
  default | default | :8199   | ALL    | /user/register           | my-hello/app/api.(*userApi).Register              | service.(*middlewareService).Ctx-fm                                       
----------|---------|---------|--------|--------------------------|---------------------------------------------------|---------------------------------------------------------------------------
 
2021-08-25 15:57:43.092 13465: http server started listening on [:8199] 

  SERVER  | DOMAIN  | ADDRESS | METHOD |          ROUTE           |                      HANDLER                      |                                MIDDLEWARE                                 
----------|---------|---------|--------|--------------------------|---------------------------------------------------|---------------------------------------------------------------------------
  default | default | :8199   | ALL    | /user/getUserFromSession | my-hello/app/api.(*userApi).GetUserFromSession-fm | service.(*middlewareService).Ctx-fm,service.(*middlewareService).Auth-fm  
----------|---------|---------|--------|--------------------------|---------------------------------------------------|---------------------------------------------------------------------------
  default | default | :8199   | ALL    | /user/getuserfromdb      | my-hello/app/api.(*userApi).GetUserFromDb         | service.(*middlewareService).Ctx-fm                                       
----------|---------|---------|--------|--------------------------|---------------------------------------------------|---------------------------------------------------------------------------
  default | default | :8199   | ALL    | /user/getuserfromsession | my-hello/app/api.(*userApi).GetUserFromSession    | service.(*middlewareService).Ctx-fm                                       
----------|---------|---------|--------|--------------------------|---------------------------------------------------|---------------------------------------------------------------------------
  default | default | :8199   | ALL    | /user/highredisget       | my-hello/app/api.(*userApi).HighRedisGet          | service.(*middlewareService).Ctx-fm                                       
----------|---------|---------|--------|--------------------------|---------------------------------------------------|---------------------------------------------------------------------------
  default | default | :8199   | ALL    | /user/highredisset       | my-hello/app/api.(*userApi).HighRedisSet          | service.(*middlewareService).Ctx-fm                                       
----------|---------|---------|--------|--------------------------|---------------------------------------------------|---------------------------------------------------------------------------
  default | default | :8199   | ALL    | /user/list               | my-hello/app/api.(*userApi).List                  | service.(*middlewareService).Ctx-fm                                       
----------|---------|---------|--------|--------------------------|---------------------------------------------------|---------------------------------------------------------------------------
  default | default | :8199   | ALL    | /user/login              | my-hello/app/api.(*userApi).Login                 | service.(*middlewareService).Ctx-fm                                       
----------|---------|---------|--------|--------------------------|---------------------------------------------------|---------------------------------------------------------------------------
  default | default | :8199   | ALL    | /user/pagelist           | my-hello/app/api.(*userApi).PageList              | service.(*middlewareService).Ctx-fm                                       
----------|---------|---------|--------|--------------------------|---------------------------------------------------|---------------------------------------------------------------------------
  default | default | :8199   | ALL    | /user/redisget           | my-hello/app/api.(*userApi).RedisGet              | service.(*middlewareService).Ctx-fm                                       
----------|---------|---------|--------|--------------------------|---------------------------------------------------|---------------------------------------------------------------------------
  default | default | :8199   | ALL    | /user/redishget          | my-hello/app/api.(*userApi).RedisHGet             | service.(*middlewareService).Ctx-fm                                       
----------|---------|---------|--------|--------------------------|---------------------------------------------------|---------------------------------------------------------------------------
  default | default | :8199   | ALL    | /user/redishmget         | my-hello/app/api.(*userApi).RedisHMGet            | service.(*middlewareService).Ctx-fm                                       
----------|---------|---------|--------|--------------------------|---------------------------------------------------|---------------------------------------------------------------------------
  default | default | :8199   | ALL    | /user/redishmset         | my-hello/app/api.(*userApi).RedisHMSet            | service.(*middlewareService).Ctx-fm                                       
----------|---------|---------|--------|--------------------------|---------------------------------------------------|---------------------------------------------------------------------------
  default | default | :8199   | ALL    | /user/redishset          | my-hello/app/api.(*userApi).RedisHSet             | service.(*middlewareService).Ctx-fm                                       
----------|---------|---------|--------|--------------------------|---------------------------------------------------|---------------------------------------------------------------------------
  default | default | :8199   | ALL    | /user/redisset           | my-hello/app/api.(*userApi).RedisSet              | service.(*middlewareService).Ctx-fm                                       
----------|---------|---------|--------|--------------------------|---------------------------------------------------|---------------------------------------------------------------------------
  default | default | :8199   | ALL    | /user/register           | my-hello/app/api.(*userApi).Register              | service.(*middlewareService).Ctx-fm                                       
----------|---------|---------|--------|--------------------------|---------------------------------------------------|---------------------------------------------------------------------------
 
2021-08-25 16:00:00.597 13494: http server started listening on [:8199] 

  SERVER  | DOMAIN  | ADDRESS | METHOD |          ROUTE           |                      HANDLER                      |                                MIDDLEWARE                                 
----------|---------|---------|--------|--------------------------|---------------------------------------------------|---------------------------------------------------------------------------
  default | default | :8199   | ALL    | /user/getUserFromSession | my-hello/app/api.(*userApi).GetUserFromSession-fm | service.(*middlewareService).Ctx-fm,service.(*middlewareService).Auth-fm  
----------|---------|---------|--------|--------------------------|---------------------------------------------------|---------------------------------------------------------------------------
  default | default | :8199   | ALL    | /user/getuserfromdb      | my-hello/app/api.(*userApi).GetUserFromDb         | service.(*middlewareService).Ctx-fm                                       
----------|---------|---------|--------|--------------------------|---------------------------------------------------|---------------------------------------------------------------------------
  default | default | :8199   | ALL    | /user/getuserfromsession | my-hello/app/api.(*userApi).GetUserFromSession    | service.(*middlewareService).Ctx-fm                                       
----------|---------|---------|--------|--------------------------|---------------------------------------------------|---------------------------------------------------------------------------
  default | default | :8199   | ALL    | /user/highredisget       | my-hello/app/api.(*userApi).HighRedisGet          | service.(*middlewareService).Ctx-fm                                       
----------|---------|---------|--------|--------------------------|---------------------------------------------------|---------------------------------------------------------------------------
  default | default | :8199   | ALL    | /user/highredisset       | my-hello/app/api.(*userApi).HighRedisSet          | service.(*middlewareService).Ctx-fm                                       
----------|---------|---------|--------|--------------------------|---------------------------------------------------|---------------------------------------------------------------------------
  default | default | :8199   | ALL    | /user/list               | my-hello/app/api.(*userApi).List                  | service.(*middlewareService).Ctx-fm                                       
----------|---------|---------|--------|--------------------------|---------------------------------------------------|---------------------------------------------------------------------------
  default | default | :8199   | ALL    | /user/login              | my-hello/app/api.(*userApi).Login                 | service.(*middlewareService).Ctx-fm                                       
----------|---------|---------|--------|--------------------------|---------------------------------------------------|---------------------------------------------------------------------------
  default | default | :8199   | ALL    | /user/pagelist           | my-hello/app/api.(*userApi).PageList              | service.(*middlewareService).Ctx-fm                                       
----------|---------|---------|--------|--------------------------|---------------------------------------------------|---------------------------------------------------------------------------
  default | default | :8199   | ALL    | /user/redisget           | my-hello/app/api.(*userApi).RedisGet              | service.(*middlewareService).Ctx-fm                                       
----------|---------|---------|--------|--------------------------|---------------------------------------------------|---------------------------------------------------------------------------
  default | default | :8199   | ALL    | /user/redishget          | my-hello/app/api.(*userApi).RedisHGet             | service.(*middlewareService).Ctx-fm                                       
----------|---------|---------|--------|--------------------------|---------------------------------------------------|---------------------------------------------------------------------------
  default | default | :8199   | ALL    | /user/redishmget         | my-hello/app/api.(*userApi).RedisHMGet            | service.(*middlewareService).Ctx-fm                                       
----------|---------|---------|--------|--------------------------|---------------------------------------------------|---------------------------------------------------------------------------
  default | default | :8199   | ALL    | /user/redishmset         | my-hello/app/api.(*userApi).RedisHMSet            | service.(*middlewareService).Ctx-fm                                       
----------|---------|---------|--------|--------------------------|---------------------------------------------------|---------------------------------------------------------------------------
  default | default | :8199   | ALL    | /user/redishset          | my-hello/app/api.(*userApi).RedisHSet             | service.(*middlewareService).Ctx-fm                                       
----------|---------|---------|--------|--------------------------|---------------------------------------------------|---------------------------------------------------------------------------
  default | default | :8199   | ALL    | /user/redisset           | my-hello/app/api.(*userApi).RedisSet              | service.(*middlewareService).Ctx-fm                                       
----------|---------|---------|--------|--------------------------|---------------------------------------------------|---------------------------------------------------------------------------
  default | default | :8199   | ALL    | /user/register           | my-hello/app/api.(*userApi).Register              | service.(*middlewareService).Ctx-fm                                       
----------|---------|---------|--------|--------------------------|---------------------------------------------------|---------------------------------------------------------------------------
 
